<?xml version="1.0" encoding="UTF-8"?>
<!-- Generated by org.testng.reporters.JUnitReportReporter -->
<testsuite skipped="0" hostname="Jet" name="com.claytonsheets.newssandwich.fileparser.KeywordLoaderTests" tests="1" failures="0" timestamp="02 Aug 2018 01:55:25 GMT" time="0.045" errors="0">
  <testcase name="loadKeywordsFromCSVTest" time="0.045" classname="com.claytonsheets.newssandwich.fileparser.KeywordLoaderTests"/>
</testsuite> <!-- com.claytonsheets.newssandwich.fileparser.KeywordLoaderTests -->
