<?xml version="1.0" encoding="UTF-8"?>
<!-- Generated by org.testng.reporters.JUnitReportReporter -->
<testsuite skipped="0" hostname="Jet" name="com.claytonsheets.newssandwich.integration.GoogleNewsClientIT" tests="3" failures="0" timestamp="04 Aug 2018 00:00:50 GMT" time="3.958" errors="0">
  <testcase name="fetchArticlesForSourceID" time="2.139" classname="com.claytonsheets.newssandwich.integration.GoogleNewsClientIT"/>
  <testcase name="fetchSourceIDsTest" time="0.664" classname="com.claytonsheets.newssandwich.integration.GoogleNewsClientIT"/>
  <testcase name="fetchArticlesFromSources" time="1.155" classname="com.claytonsheets.newssandwich.integration.GoogleNewsClientIT"/>
</testsuite> <!-- com.claytonsheets.newssandwich.integration.GoogleNewsClientIT -->
