<?xml version="1.0" encoding="UTF-8"?>
<!-- Generated by org.testng.reporters.JUnitReportReporter -->
<testsuite skipped="0" hostname="Jet" name="com.claytonsheets.newssandwich.parser.PhraseParserTests" tests="1" failures="0" timestamp="03 Aug 2018 19:38:42 GMT" time="0.027" errors="0">
  <testcase name="parsePhraseTest" time="0.027" classname="com.claytonsheets.newssandwich.parser.PhraseParserTests"/>
</testsuite> <!-- com.claytonsheets.newssandwich.parser.PhraseParserTests -->
